<?xml version="1.0" encoding="UTF-8"?>
<!-- Generated by org.testng.reporters.JUnitReportReporter -->
<testsuite hostname="DESKTOP-KLM6SEK" failures="0" tests="1" name="testcases.LoginTestCases" time="24.097" errors="0" timestamp="2023-04-05T11:59:03 IST" skipped="0">
  <testcase classname="testcases.LoginTestCases" name="verifyUser" time="24.097"/>
  <system-out/>
</testsuite> <!-- testcases.LoginTestCases -->
