<?xml version="1.0" encoding="UTF-8"?>
<!-- Generated by org.testng.reporters.JUnitReportReporter -->
<testsuite hostname="DESKTOP-KLM6SEK" failures="0" tests="1" name="testcases.ChangePwdTC" time="13.509" errors="0" timestamp="2023-04-05T00:00:38 IST" skipped="0">
  <testcase classname="testcases.ChangePwdTC" name="ChangePassword" time="13.509"/>
  <system-out/>
</testsuite> <!-- testcases.ChangePwdTC -->
