<?xml version="1.0" encoding="UTF-8"?>
<!-- Generated by org.testng.reporters.JUnitReportReporter -->
<testsuite hostname="DESKTOP-KLM6SEK" failures="0" tests="1" name="testcases.AddCustTestCases" time="63.135" errors="0" timestamp="2023-04-05T00:00:38 IST" skipped="0">
  <testcase classname="testcases.AddCustTestCases" name="AddCustomer" time="63.135"/>
  <system-out/>
</testsuite> <!-- testcases.AddCustTestCases -->
